#-----------------------------------------------------------
# Vivado v2017.2 (64-bit)
# SW Build 1909853 on Thu Jun 15 18:39:09 MDT 2017
# IP Build 1909766 on Thu Jun 15 19:58:00 MDT 2017
# Start of session at: Wed Sep 27 18:09:07 2017
# Process ID: 3736
# Current directory: C:/Users/andre/Project1
# Command line: vivado.exe -gui_launcher_event rodinguilauncherevent3020 C:\Users\andre\Project1\Project1.xpr
# Log file: C:/Users/andre/Project1/vivado.log
# Journal file: C:/Users/andre/Project1\vivado.jou
#-----------------------------------------------------------
start_gui
open_project C:/Users/andre/Project1/Project1.xpr
Scanning sources...
Finished scanning sources
INFO: [IP_Flow 19-234] Refreshing IP repositories
INFO: [IP_Flow 19-1704] No user IP repositories specified
INFO: [IP_Flow 19-2313] Loaded Vivado IP repository 'C:/Xilinx/Vivado/2017.2/data/ip'.
update_compile_order -fileset sources_1
close [ open C:/Users/andre/Project1/Project1.srcs/sources_1/new/controlunit.v w ]
add_files C:/Users/andre/Project1/Project1.srcs/sources_1/new/controlunit.v
update_compile_order -fileset sources_1
exit
INFO: [Common 17-206] Exiting Vivado at Wed Sep 27 18:56:54 2017...
