Unable to capture context for thread 16524 in process 3036, can not generate back trace
Exception at PC 0x00007FF86BEFBB93
Printing stacktrace...

[0]  [0x00007FF86BEFBB93]
[1]  [0x00007FF86BEFBB93]
[2]  [0x00007FF86BEFB4A1]
[3]  [0x00007FF86BEFB3EF]
[4]  [0x00007FF86BEE19FE]
[5]  [0x00007FF86BEE0ED1]
[6]  [0x00007FF86BEE0D76]
[7]  [0x00007FF86BE879F6]
[8]  [0x00007FF86BE77AFB]
[9]  [0x00007FF86BF9E90A]
[10]  [0x00007FF86BFB9F87]
[11]  [0x00007FF86BFBA05F]
[12] (BaseThreadInitThunk+0x14) [0x00007FF8D3582774]
[13] (RtlUserThreadStart+0x21) [0x00007FF8D6050D51]
Done
Exception at PC 0x00007FF86BC01A52
Attemped to write at address 0x00007FF8A69CABA4
Printing stacktrace...

[0]  [0x00007FF86BC01A52]
[1]  [0x00007FF86BC01A52]
[2]  [0x00007FF86BC01AD4]
[3]  [0x00007FF86BD43FF7]
[4]  [0x00007FF86BC29128]
[5]  [0x00007FF86BEDDFB9]
[6]  [0x00007FF86C0AEF23]
[7]  [0x00007FF86BFBB06B]
[8]  [0x00007FF86BFB08AF]
[9]  [0x00007FF86BFB0A32]
[10] (RtlDeactivateActivationContextUnsafeFast+0x1af) [0x00007FF8D600485F]
[11] (LdrShutdownProcess+0x12c) [0x00007FF8D602D43C]
[12] (RtlExitUserProcess+0xb4) [0x00007FF8D602D2F4]
[13] (FatalExit+0xa) [0x00007FF8D358C0DA]
[14] (exit+0x75) [0x00007FF8D3A7A045]
[15] (initterm_e+0x21d) [0x00007FF8D3A7A68D]
[16]  [0x00000000004014CD]
[17]  [0x000000000040151B]
[18] (BaseThreadInitThunk+0x14) [0x00007FF8D3582774]
[19] (RtlUserThreadStart+0x21) [0x00007FF8D6050D51]
Done
